heartbeat;D:\github\ndREST\jk.NBF\Content\js\app.js;30;2/16/2015 9:25:56 AM
heartbeat;D:\github\ndREST\jk.NBF\Content\js\app.js;55;2/16/2015 9:27:47 AM
automarkresult;D:\github\ndREST\.HistoryData\md\automark-2015-02-16-09-27-AM.md;2/16/2015 9:27:56 AM
automarkcmd;2/16/2015 9:27:56 AM;
heartbeat;D:\github\ndREST\jk.NBF\Content\js\app.js;45;2/16/2015 9:27:57 AM
heartbeat;D:\github\ndREST\jk.NBF\Content\js\app.js;31;2/16/2015 9:27:57 AM
heartbeat;D:\github\ndREST\jk.NBF\Content\js\app.js;30;2/16/2015 9:28:02 AM
heartbeat;D:\github\ndREST\jk.NBF\Content\js\app.js;35;2/16/2015 9:28:02 AM
heartbeat;D:\github\ndREST\jk.NBF\Content\js\app.js;42;2/16/2015 9:28:02 AM
automarkresult;D:\github\ndREST\.HistoryData\md\automark-2015-02-16-09-28-AM.md;2/16/2015 9:28:07 AM
automarkcmd;2/16/2015 9:28:07 AM;
heartbeat;D:\github\ndREST\jk.NBF\Content\js\app.js;27;2/16/2015 9:29:18 AM
heartbeat;D:\github\ndREST\jk.NBF\Content\js\app.js;24;2/16/2015 9:48:30 AM
heartbeat;D:\github\ndREST\jk.NBF\Content\js\app.js;30;2/16/2015 10:03:32 AM
heartbeat;D:\github\ndREST\jk.NBF\Content\js\app.js;32;2/16/2015 10:03:40 AM
heartbeat;D:\github\ndREST\jk.NBF\Content\js\app.js;27;2/16/2015 10:03:46 AM
heartbeat;D:\github\ndREST\jk.NBF\Content\js\app.js;33;2/16/2015 10:04:59 AM
heartbeat;D:\github\ndREST\jk.NBF\Content\js\app.js;56;2/16/2015 10:05:00 AM
heartbeat;D:\github\ndREST\jk.NBF\Content\js\app.js;47;2/16/2015 10:05:00 AM
heartbeat;D:\github\ndREST\jk.NBF\Content\js\app.js;57;2/16/2015 10:05:01 AM
heartbeat;D:\github\ndREST\jk.NBF\Content\js\app.js;34;2/16/2015 10:05:03 AM
heartbeat;D:\github\ndREST\jk.NBF\Content\js\app.js;34;2/16/2015 10:05:16 AM
heartbeat;D:\github\ndREST\jk.NBF\Content\js\app.js;60;2/16/2015 10:05:39 AM
heartbeat;D:\github\ndREST\jk.NBF\Content\js\app.js;64;2/16/2015 10:05:52 AM
automarkresult;D:\github\ndREST\.HistoryData\md\automark-2015-02-16-10-05-AM.md;2/16/2015 10:05:57 AM
automarkcmd;2/16/2015 10:05:57 AM;
heartbeat;D:\github\ndREST\jk.NBF\Content\js\app.js;46;2/16/2015 10:06:32 AM
heartbeat;D:\github\ndREST\jk.NBF\Content\js\app.js;55;2/16/2015 10:06:36 AM
heartbeat;D:\github\ndREST\jk.NBF\Content\js\app.js;61;2/16/2015 10:06:41 AM
heartbeat;D:\github\ndREST\jk.NBF\Content\js\app.js;60;2/16/2015 10:06:49 AM
heartbeat;D:\github\ndREST\jk.NBF\Content\js\app.js;54;2/16/2015 10:06:55 AM
heartbeat;D:\github\ndREST\jk.NBF\Content\js\app.js;49;2/16/2015 10:07:42 AM
heartbeat;D:\github\ndREST\jk.NBF\Content\js\app.js;55;2/16/2015 10:07:47 AM
heartbeat;D:\github\ndREST\jk.NBF\Content\js\app.js;65;2/16/2015 10:08:25 AM
heartbeat;D:\github\ndREST\jk.NBF\Content\js\app.js;55;2/16/2015 10:08:25 AM
automarkresult;D:\github\ndREST\.HistoryData\md\automark-2015-02-16-10-08-AM.md;2/16/2015 10:08:29 AM
automarkcmd;2/16/2015 10:08:30 AM;
heartbeat;D:\github\ndREST\jk.NBF\Content\js\app.js;58;2/16/2015 10:08:56 AM
heartbeat;D:\github\ndREST\jk.NBF\Content\js\app.js;65;2/16/2015 10:08:57 AM
heartbeat;D:\github\ndREST\jk.NBF\Content\js\app.js;58;2/16/2015 10:08:57 AM
heartbeat;D:\github\ndREST\jk.NBF\Content\js\app.js;55;2/16/2015 10:08:57 AM
heartbeat;D:\github\ndREST\jk.NBF\Content\js\app.js;32;2/16/2015 10:08:59 AM
heartbeat;D:\github\ndREST\jk.NBF\Content\js\app.js;63;2/16/2015 10:09:03 AM
heartbeat;D:\github\ndREST\jk.NBF\Content\js\app.js;64;2/16/2015 10:09:04 AM
automarkresult;D:\github\ndREST\.HistoryData\md\automark-2015-02-16-10-09-AM.md;2/16/2015 10:09:09 AM
automarkcmd;2/16/2015 10:09:09 AM;
heartbeat;D:\github\ndREST\design\net_documents_authentication.md;7;2/16/2015 10:10:01 AM
heartbeat;D:\github\ndREST\jk.NBF\Content\js\app.js;51;2/16/2015 10:10:02 AM
heartbeat;D:\github\ndREST\jk.NBF\Content\js\app.js;47;2/16/2015 10:10:10 AM
heartbeat;D:\github\ndREST\jk.NBF\Content\js\app.js;33;2/16/2015 10:10:16 AM
heartbeat;D:\github\ndREST\jk.NBF\Content\js\app.js;24;2/16/2015 10:20:05 AM
heartbeat;D:\github\ndREST\jk.NBF\Content\js\app.js;11;2/16/2015 10:20:06 AM
heartbeat;D:\github\ndREST\jk.NBF\Content\js\app.js;9;2/16/2015 10:20:07 AM
heartbeat;D:\github\ndREST\jk.NBF\Content\js\app.js;19;2/16/2015 10:20:25 AM
heartbeat;D:\github\ndREST\jk.NBF\Content\js\app.js;14;2/16/2015 10:21:02 AM
heartbeat;D:\github\ndREST\jk.NBF\Content\js\app.js;23;2/16/2015 10:21:29 AM
heartbeat;D:\github\ndREST\jk.NBF\Content\js\app.js;17;2/16/2015 10:21:33 AM
heartbeat;D:\github\ndREST\jk.NBF\Content\js\app.js;25;2/16/2015 10:21:40 AM
heartbeat;D:\github\ndREST\jk.NBF\Content\js\app.js;31;2/16/2015 10:21:49 AM
heartbeat;D:\github\ndREST\jk.NBF\Content\js\app.js;15;2/16/2015 10:22:01 AM
heartbeat;D:\github\ndREST\jk.NBF\Content\js\app.js;3;2/16/2015 10:22:02 AM
heartbeat;D:\github\ndREST\jk.NBF\Content\js\app.js;15;2/16/2015 10:22:40 AM
heartbeat;D:\github\ndREST\jk.NBF\Content\js\app.js;18;2/16/2015 10:22:40 AM
heartbeat;D:\github\ndREST\jk.NBF\Content\js\app.js;42;2/16/2015 10:23:21 AM
heartbeat;D:\github\ndREST\jk.NBF\Content\js\app.js;76;2/16/2015 10:23:26 AM
heartbeat;D:\github\ndREST\jk.NBF\Content\js\app.js;95;2/16/2015 10:23:33 AM
heartbeat;D:\github\ndREST\jk.NBF\Content\js\app.js;87;2/16/2015 10:23:34 AM
heartbeat;D:\github\ndREST\jk.NBF\Content\js\app.js;87;2/16/2015 10:23:36 AM
heartbeat;D:\github\ndREST\jk.NBF\Content\js\app.js;106;2/16/2015 10:23:39 AM
heartbeat;D:\github\ndREST\jk.NBF\Content\js\app.js;87;2/16/2015 10:23:41 AM
heartbeat;D:\github\ndREST\jk.NBF\Content\js\app.js;87;2/16/2015 10:23:41 AM
heartbeat;D:\github\ndREST\jk.NBF\Content\js\app.js;93;2/16/2015 10:23:42 AM
heartbeat;D:\github\ndREST\jk.NBF\Content\js\app.js;88;2/16/2015 10:23:44 AM
heartbeat;D:\github\ndREST\jk.NBF\Content\js\app.js;89;2/16/2015 10:23:46 AM
heartbeat;D:\github\ndREST\jk.NBF\Content\js\app.js;112;2/16/2015 10:23:49 AM
heartbeat;D:\github\ndREST\jk.NBF\Content\js\app.js;80;2/16/2015 10:23:55 AM
heartbeat;D:\github\ndREST\jk.NBF\Content\js\app.js;81;2/16/2015 10:24:11 AM
heartbeat;D:\github\ndREST\jk.NBF\Content\js\app.js;77;2/16/2015 10:24:28 AM
heartbeat;D:\github\ndREST\jk.NBF\index.html;7;2/16/2015 10:24:30 AM
heartbeat;D:\github\ndREST\jk.NBF\index.html;14;2/16/2015 10:26:00 AM
heartbeat;D:\github\ndREST\jk.NBF\index.html;12;2/16/2015 10:26:06 AM
heartbeat;D:\github\ndREST\jk.NBF\index.html;15;2/16/2015 10:26:31 AM
heartbeat;D:\github\ndREST\jk.NBF\index.html;20;2/16/2015 10:26:53 AM
heartbeat;D:\github\ndREST\jk.NBF\index.html;25;2/16/2015 10:26:54 AM
heartbeat;D:\github\ndREST\jk.NBF\index.html;22;2/16/2015 10:26:55 AM
heartbeat;D:\github\ndREST\jk.NBF\index.html;25;2/16/2015 10:27:02 AM
heartbeat;D:\github\ndREST\jk.NBF\index.html;18;2/16/2015 10:27:03 AM
heartbeat;D:\github\ndREST\jk.NBF\index.html;25;2/16/2015 10:27:20 AM
heartbeat;D:\github\ndREST\jk.NBF\index.html;30;2/16/2015 10:27:22 AM
heartbeat;D:\github\ndREST\jk.NBF\index.html;35;2/16/2015 10:27:23 AM
heartbeat;D:\github\ndREST\jk.NBF\index.html;27;2/16/2015 10:27:23 AM
heartbeat;D:\github\ndREST\jk.NBF\index.html;31;2/16/2015 10:27:27 AM
heartbeat;D:\github\ndREST\jk.NBF\index.html;35;2/16/2015 10:27:40 AM
heartbeat;D:\github\ndREST\jk.NBF\index.html;37;2/16/2015 10:27:41 AM
heartbeat;D:\github\ndREST\jk.NBF\index.html;45;2/16/2015 10:27:42 AM
heartbeat;D:\github\ndREST\jk.NBF\index.html;37;2/16/2015 10:27:42 AM
heartbeat;D:\github\ndREST\jk.NBF\index.html;41;2/16/2015 10:27:46 AM
heartbeat;D:\github\ndREST\jk.NBF\index.html;39;2/16/2015 10:27:55 AM
heartbeat;D:\github\ndREST\jk.NBF\index.html;30;2/16/2015 10:27:58 AM
heartbeat;D:\github\ndREST\jk.NBF\index.html;20;2/16/2015 10:27:59 AM
heartbeat;D:\github\ndREST\jk.NBF\index.html;30;2/16/2015 10:28:07 AM
heartbeat;D:\github\ndREST\jk.NBF\index.html;40;2/16/2015 10:28:09 AM
heartbeat;D:\github\ndREST\jk.NBF\index.html;36;2/16/2015 10:28:12 AM
heartbeat;D:\github\ndREST\jk.NBF\index.html;24;2/16/2015 10:28:16 AM
heartbeat;D:\github\ndREST\jk.NBF\index.html;35;2/16/2015 10:28:30 AM
heartbeat;D:\github\ndREST\jk.NBF\index.html;48;2/16/2015 10:28:44 AM
heartbeat;D:\github\ndREST\jk.NBF\Content\js\app.js;33;2/16/2015 10:29:12 AM
heartbeat;D:\github\ndREST\jk.NBF\Content\js\app.js;37;2/16/2015 10:29:20 AM
heartbeat;D:\github\ndREST\jk.NBF\Content\js\app.js;89;2/16/2015 10:29:35 AM
heartbeat;D:\github\ndREST\jk.NBF\Content\js\app.js;31;2/16/2015 10:29:56 AM
heartbeat;D:\github\ndREST\jk.NBF\Content\js\app.js;36;2/16/2015 10:32:18 AM
heartbeat;D:\github\ndREST\jk.NBF\Content\js\app.js;44;2/16/2015 10:32:26 AM
heartbeat;D:\github\ndREST\jk.NBF\index.html;9;2/16/2015 10:32:29 AM
heartbeat;D:\github\ndREST\jk.NBF\index.html;8;2/16/2015 10:32:46 AM
heartbeat;D:\github\ndREST\jk.NBF\index.html;17;2/16/2015 10:32:48 AM
heartbeat;D:\github\ndREST\jk.NBF\index.html;53;2/16/2015 10:32:53 AM
heartbeat;D:\github\ndREST\jk.NBF\index.html;50;2/16/2015 10:32:53 AM
heartbeat;D:\github\ndREST\jk.NBF\index.html;40;2/16/2015 10:32:58 AM
heartbeat;D:\github\ndREST\jk.NBF\Content\js\app.js;34;2/16/2015 10:33:06 AM
heartbeat;D:\github\ndREST\jk.NBF\Content\js\app.js;26;2/16/2015 10:34:33 AM
heartbeat;D:\github\ndREST\jk.NBF\Content\js\app.js;39;2/16/2015 10:34:40 AM
heartbeat;D:\github\ndREST\jk.NBF\Content\js\app.js;41;2/16/2015 10:34:56 AM
heartbeat;D:\github\ndREST\jk.NBF\Content\js\app.js;47;2/16/2015 10:35:26 AM
heartbeat;D:\github\ndREST\jk.NBF\Content\js\app.js;44;2/16/2015 10:36:18 AM
heartbeat;D:\github\ndREST\jk.NBF\Content\js\app.js;49;2/16/2015 10:36:19 AM
heartbeat;D:\github\ndREST\jk.NBF\Content\js\app.js;39;2/16/2015 10:36:41 AM
heartbeat;D:\github\ndREST\jk.NBF\Content\js\app.js;32;2/16/2015 10:36:44 AM
heartbeat;D:\github\ndREST\jk.NBF\Content\js\app.js;93;2/16/2015 10:36:50 AM
heartbeat;D:\github\ndREST\jk.NBF\Content\js\app.js;73;2/16/2015 10:37:08 AM
heartbeat;D:\github\ndREST\jk.NBF\Content\js\app.js;54;2/16/2015 10:37:40 AM
heartbeat;D:\github\ndREST\jk.NBF\Content\js\app.js;38;2/16/2015 10:37:44 AM
heartbeat;D:\github\ndREST\jk.NBF\Content\js\app.js;40;2/16/2015 10:37:45 AM
heartbeat;D:\github\ndREST\jk.NBF\Content\js\app.js;39;2/16/2015 10:37:46 AM
heartbeat;D:\github\ndREST\jk.NBF\Content\js\app.js;41;2/16/2015 10:38:02 AM
heartbeat;D:\github\ndREST\jk.NBF\index.html;25;2/16/2015 10:38:10 AM
heartbeat;D:\github\ndREST\jk.NBF\Content\js\app.js;34;2/16/2015 10:38:15 AM
heartbeat;D:\github\ndREST\jk.NBF\Content\js\app.js;51;2/16/2015 10:38:18 AM
heartbeat;D:\github\ndREST\jk.NBF\Content\js\app.js;37;2/16/2015 10:38:30 AM
heartbeat;D:\github\ndREST\jk.NBF\Content\js\app.js;42;2/16/2015 10:38:36 AM
heartbeat;D:\github\ndREST\jk.NBF\Content\js\app.js;47;2/16/2015 10:38:39 AM
heartbeat;D:\github\ndREST\jk.NBF\Content\js\app.js;37;2/16/2015 10:38:54 AM
heartbeat;D:\github\ndREST\jk.NBF\Content\js\app.js;32;2/16/2015 10:39:03 AM
heartbeat;D:\github\ndREST\jk.NBF\Content\js\app.js;112;2/16/2015 10:39:10 AM
heartbeat;D:\github\ndREST\jk.NBF\Content\js\app.js;97;2/16/2015 10:39:13 AM
heartbeat;D:\github\ndREST\jk.NBF\Content\js\app.js;104;2/16/2015 10:39:14 AM
heartbeat;D:\github\ndREST\jk.NBF\Content\js\app.js;112;2/16/2015 10:39:15 AM
heartbeat;D:\github\ndREST\jk.NBF\Content\js\app.js;108;2/16/2015 10:39:26 AM
heartbeat;D:\github\ndREST\jk.NBF\Content\js\app.js;72;2/16/2015 10:39:29 AM
heartbeat;D:\github\ndREST\jk.NBF\Content\js\app.js;99;2/16/2015 10:39:30 AM
heartbeat;D:\github\ndREST\jk.NBF\Content\js\app.js;102;2/16/2015 10:39:30 AM
heartbeat;D:\github\ndREST\jk.NBF\Content\js\app.js;83;2/16/2015 10:39:41 AM
heartbeat;D:\github\ndREST\jk.NBF\Content\js\app.js;117;2/16/2015 10:39:41 AM
heartbeat;D:\github\ndREST\jk.NBF\Content\js\app.js;83;2/16/2015 10:39:42 AM
heartbeat;D:\github\ndREST\jk.NBF\Content\js\app.js;101;2/16/2015 10:39:49 AM
heartbeat;D:\github\ndREST\jk.NBF\Content\js\app.js;42;2/16/2015 10:40:05 AM
heartbeat;D:\github\ndREST\jk.NBF\Content\js\app.js;51;2/16/2015 10:40:07 AM
heartbeat;D:\github\ndREST\jk.NBF\index.html;21;2/16/2015 10:40:11 AM
heartbeat;D:\github\ndREST\jk.NBF\index.html;25;2/16/2015 10:40:13 AM
heartbeat;D:\github\ndREST\jk.NBF\index.html;38;2/16/2015 10:40:26 AM
heartbeat;D:\github\ndREST\jk.NBF\index.html;41;2/16/2015 10:40:28 AM
heartbeat;D:\github\ndREST\jk.NBF\index.html;51;2/16/2015 10:40:29 AM
heartbeat;D:\github\ndREST\jk.NBF\index.html;35;2/16/2015 10:40:35 AM
heartbeat;D:\github\ndREST\jk.NBF\index.html;8;2/16/2015 10:40:36 AM
heartbeat;D:\github\ndREST\jk.NBF\index.html;4;2/16/2015 10:40:42 AM
heartbeat;D:\github\ndREST\jk.NBF\index.html;17;2/16/2015 10:40:43 AM
heartbeat;D:\github\ndREST\jk.NBF\index.html;31;2/16/2015 10:40:47 AM
heartbeat;D:\github\ndREST\jk.NBF\index.html;45;2/16/2015 10:40:50 AM
heartbeat;D:\github\ndREST\jk.NBF\index.html;59;2/16/2015 10:40:53 AM
heartbeat;D:\github\ndREST\jk.NBF\index.html;47;2/16/2015 10:41:10 AM
heartbeat;D:\github\ndREST\jk.NBF\index.html;23;2/16/2015 10:41:30 AM
heartbeat;D:\github\ndREST\jk.NBF\index.html;22;2/16/2015 10:41:33 AM
heartbeat;D:\github\ndREST\jk.NBF\index.html;35;2/16/2015 10:41:47 AM
heartbeat;D:\github\ndREST\jk.NBF\index.html;34;2/16/2015 10:41:54 AM
heartbeat;D:\github\ndREST\jk.NBF\index.html;50;2/16/2015 10:41:57 AM
heartbeat;D:\github\ndREST\jk.NBF\index.html;51;2/16/2015 10:47:00 AM
heartbeat;D:\github\ndREST\jk.NBF\index.html;55;2/16/2015 10:47:13 AM
heartbeat;D:\github\ndREST\jk.NBF\index.html;52;2/16/2015 10:47:18 AM
heartbeat;D:\github\ndREST\jk.NBF\Content\js\app.js;35;2/16/2015 10:47:22 AM
heartbeat;D:\github\ndREST\jk.NBF\Content\js\app.js;52;2/16/2015 10:47:30 AM
heartbeat;D:\github\ndREST\jk.NBF\Content\js\app.js;35;2/16/2015 10:47:38 AM
heartbeat;D:\github\ndREST\jk.NBF\Content\js\app.js;52;2/16/2015 10:47:39 AM
heartbeat;D:\github\ndREST\jk.NBF\Content\js\app.js;105;2/16/2015 10:48:04 AM
heartbeat;D:\github\ndREST\jk.NBF\Content\js\app.js;99;2/16/2015 10:48:07 AM
heartbeat;D:\github\ndREST\jk.NBF\Content\js\app.js;91;2/16/2015 10:48:35 AM
heartbeat;D:\github\ndREST\jk.NBF\Content\js\app.js;88;2/16/2015 10:48:41 AM
heartbeat;D:\github\ndREST\jk.NBF\Content\js\app.js;90;2/16/2015 10:48:52 AM
heartbeat;D:\github\ndREST\jk.NBF\Content\js\app.js;93;2/16/2015 10:48:54 AM
heartbeat;D:\github\ndREST\jk.NBF\Content\js\app.js;98;2/16/2015 10:48:55 AM
heartbeat;D:\github\ndREST\jk.NBF\Content\js\app.js;103;2/16/2015 10:48:56 AM
heartbeat;D:\github\ndREST\jk.NBF\Content\js\app.js;115;2/16/2015 10:49:01 AM
heartbeat;D:\github\ndREST\jk.NBF\Content\js\app.js;65;2/16/2015 10:49:15 AM
heartbeat;D:\github\ndREST\jk.NBF\Content\js\app.js;83;2/16/2015 10:49:16 AM
heartbeat;D:\github\ndREST\jk.NBF\Content\js\app.js;96;2/16/2015 10:49:22 AM
heartbeat;D:\github\ndREST\jk.NBF\Content\js\app.js;127;2/16/2015 10:49:38 AM
heartbeat;D:\github\ndREST\jk.NBF\Content\js\app.js;125;2/16/2015 10:49:48 AM
heartbeat;D:\github\ndREST\jk.NBF\Content\js\app.js;87;2/16/2015 10:49:56 AM
heartbeat;D:\github\ndREST\jk.NBF\Content\js\app.js;86;2/16/2015 10:50:16 AM
heartbeat;D:\github\ndREST\jk.NBF\Content\js\app.js;73;2/16/2015 10:50:18 AM
heartbeat;D:\github\ndREST\jk.NBF\Content\js\app.js;103;2/16/2015 10:50:24 AM
heartbeat;D:\github\ndREST\jk.NBF\Content\js\app.js;111;2/16/2015 10:50:36 AM
heartbeat;D:\github\ndREST\jk.NBF\Content\js\app.js;115;2/16/2015 10:50:37 AM
heartbeat;D:\github\ndREST\jk.NBF\Content\js\app.js;118;2/16/2015 10:50:37 AM
heartbeat;D:\github\ndREST\jk.NBF\Content\js\app.js;121;2/16/2015 10:50:38 AM
heartbeat;D:\github\ndREST\jk.NBF\Content\js\app.js;122;2/16/2015 10:50:41 AM
heartbeat;D:\github\ndREST\jk.NBF\Content\js\app.js;126;2/16/2015 10:50:43 AM
heartbeat;D:\github\ndREST\jk.NBF\Content\js\app.js;125;2/16/2015 10:50:48 AM
heartbeat;D:\github\ndREST\jk.NBF\Content\js\app.js;122;2/16/2015 10:50:50 AM
heartbeat;D:\github\ndREST\jk.NBF\Content\js\app.js;88;2/16/2015 10:50:52 AM
heartbeat;D:\github\ndREST\jk.NBF\Content\js\app.js;88;2/16/2015 10:50:55 AM
heartbeat;D:\github\ndREST\jk.NBF\Content\js\app.js;99;2/16/2015 10:50:57 AM
heartbeat;D:\github\ndREST\jk.NBF\Content\js\app.js;94;2/16/2015 10:51:02 AM
heartbeat;D:\github\ndREST\jk.NBF\Content\js\app.js;99;2/16/2015 10:51:11 AM
heartbeat;D:\github\ndREST\jk.NBF\Content\js\app.js;97;2/16/2015 10:51:13 AM
heartbeat;D:\github\ndREST\jk.NBF\Content\js\app.js;88;2/16/2015 10:51:13 AM
heartbeat;D:\github\ndREST\jk.NBF\Content\js\app.js;88;2/16/2015 10:51:15 AM
heartbeat;D:\github\ndREST\jk.NBF\Content\js\app.js;73;2/16/2015 10:51:18 AM
heartbeat;D:\github\ndREST\jk.NBF\Content\js\app.js;86;2/16/2015 10:51:23 AM
heartbeat;D:\github\ndREST\jk.NBF\Content\js\app.js;73;2/16/2015 10:51:24 AM
heartbeat;D:\github\ndREST\jk.NBF\Content\js\app.js;77;2/16/2015 10:51:41 AM
heartbeat;D:\github\ndREST\jk.NBF\Content\js\app.js;125;2/16/2015 10:51:46 AM
heartbeat;D:\github\ndREST\jk.NBF\Content\js\app.js;107;2/16/2015 10:51:55 AM
heartbeat;D:\github\ndREST\jk.NBF\Content\js\app.js;95;2/16/2015 10:51:56 AM
heartbeat;D:\github\ndREST\jk.NBF\Content\js\app.js;83;2/16/2015 10:52:14 AM
heartbeat;D:\github\ndREST\jk.NBF\Content\js\app.js;87;2/16/2015 10:52:17 AM
heartbeat;D:\github\ndREST\jk.NBF\Content\js\app.js;77;2/16/2015 10:52:26 AM
heartbeat;D:\github\ndREST\jk.NBF\Content\js\app.js;98;2/16/2015 10:52:31 AM
heartbeat;D:\github\ndREST\jk.NBF\Content\js\app.js;106;2/16/2015 10:52:33 AM
heartbeat;D:\github\ndREST\jk.NBF\Content\js\app.js;132;2/16/2015 10:52:39 AM
heartbeat;D:\github\ndREST\jk.NBF\Content\js\app.js;113;2/16/2015 10:52:41 AM
heartbeat;D:\github\ndREST\jk.NBF\Content\js\app.js;118;2/16/2015 10:52:53 AM
heartbeat;D:\github\ndREST\jk.NBF\Content\js\app.js;128;2/16/2015 10:52:59 AM
heartbeat;D:\github\ndREST\jk.NBF\Content\js\app.js;128;2/16/2015 10:53:40 AM
heartbeat;D:\github\ndREST\jk.NBF\Content\js\app.js;134;2/16/2015 10:53:44 AM
heartbeat;D:\github\ndREST\jk.NBF\Content\js\app.js;135;2/16/2015 10:53:53 AM
heartbeat;D:\github\ndREST\jk.NBF\Content\js\app.js;140;2/16/2015 10:53:55 AM
heartbeat;D:\github\ndREST\jk.NBF\Content\js\app.js;147;2/16/2015 10:53:56 AM
heartbeat;D:\github\ndREST\jk.NBF\Content\js\app.js;144;2/16/2015 10:56:46 AM
heartbeat;D:\github\ndREST\jk.NBF\Content\js\app.js;144;2/16/2015 11:00:43 AM
heartbeat;D:\github\ndREST\jk.NBF\Content\js\app.js;144;2/16/2015 11:00:50 AM
heartbeat;D:\github\ndREST\jk.NBF\Content\js\app.js;113;2/16/2015 11:00:55 AM
heartbeat;D:\github\ndREST\jk.NBF\Content\js\app.js;136;2/16/2015 11:00:59 AM
heartbeat;D:\github\ndREST\jk.NBF\Content\js\app.js;135;2/16/2015 11:01:13 AM
heartbeat;D:\github\ndREST\jk.NBF\Content\js\app.js;72;2/16/2015 11:01:30 AM
heartbeat;D:\github\ndREST\jk.NBF\Content\js\app.js;72;2/16/2015 11:01:31 AM
heartbeat;D:\github\ndREST\jk.NBF\Content\js\app.js;11;2/16/2015 11:01:38 AM
heartbeat;D:\github\ndREST\jk.NBF\Content\js\app.js;23;2/16/2015 11:01:39 AM
heartbeat;D:\github\ndREST\jk.NBF\Content\js\app.js;37;2/16/2015 11:01:48 AM
heartbeat;D:\github\ndREST\jk.NBF\Content\js\app.js;28;2/16/2015 11:01:52 AM
heartbeat;D:\github\ndREST\jk.NBF\Content\js\app.js;39;2/16/2015 11:01:57 AM
heartbeat;D:\github\ndREST\jk.NBF\Content\js\app.js;36;2/16/2015 11:02:06 AM
heartbeat;D:\github\ndREST\jk.NBF\Content\js\app.js;108;2/16/2015 11:02:16 AM
heartbeat;D:\github\ndREST\jk.NBF\Content\js\app.js;117;2/16/2015 11:02:16 AM
heartbeat;D:\github\ndREST\jk.NBF\Content\js\app.js;121;2/16/2015 11:02:18 AM
heartbeat;D:\github\ndREST\jk.NBF\Content\js\app.js;150;2/16/2015 11:02:21 AM
heartbeat;D:\github\ndREST\jk.NBF\Content\js\app.js;140;2/16/2015 11:02:21 AM
heartbeat;D:\github\ndREST\jk.NBF\Content\js\app.js;112;2/16/2015 11:02:23 AM
heartbeat;D:\github\ndREST\jk.NBF\Content\js\app.js;129;2/16/2015 11:02:43 AM
heartbeat;D:\github\ndREST\jk.NBF\Content\js\app.js;108;2/16/2015 11:02:44 AM
heartbeat;D:\github\ndREST\jk.NBF\Content\js\app.js;120;2/16/2015 11:02:44 AM
heartbeat;D:\github\ndREST\jk.NBF\Content\js\app.js;148;2/16/2015 11:02:45 AM
heartbeat;D:\github\ndREST\jk.NBF\Content\js\app.js;108;2/16/2015 11:02:46 AM
heartbeat;D:\github\ndREST\jk.NBF\Content\js\app.js;104;2/16/2015 11:02:52 AM
heartbeat;D:\github\ndREST\jk.NBF\Content\js\app.js;107;2/16/2015 11:03:14 AM
heartbeat;D:\github\ndREST\jk.NBF\Content\js\app.js;126;2/16/2015 11:03:41 AM
heartbeat;D:\github\ndREST\jk.NBF\Content\js\app.js;110;2/16/2015 11:03:46 AM
heartbeat;D:\github\ndREST\jk.NBF\Content\js\app.js;129;2/16/2015 11:03:47 AM
heartbeat;D:\github\ndREST\jk.NBF\Content\js\app.js;126;2/16/2015 11:03:53 AM
heartbeat;D:\github\ndREST\jk.NBF\Content\js\app.js;131;2/16/2015 11:03:59 AM
heartbeat;D:\github\ndREST\jk.NBF\Content\js\app.js;117;2/16/2015 11:04:01 AM
heartbeat;D:\github\ndREST\jk.NBF\Content\js\app.js;117;2/16/2015 11:04:08 AM
heartbeat;D:\github\ndREST\jk.NBF\Content\js\app.js;128;2/16/2015 11:04:10 AM
heartbeat;D:\github\ndREST\jk.NBF\Content\js\app.js;120;2/16/2015 11:04:18 AM
heartbeat;D:\github\ndREST\jk.NBF\Content\js\app.js;129;2/16/2015 11:04:20 AM
heartbeat;D:\github\ndREST\jk.NBF\Content\js\app.js;131;2/16/2015 11:04:46 AM
heartbeat;D:\github\ndREST\jk.NBF\Content\js\app.js;131;2/16/2015 11:05:16 AM
heartbeat;D:\github\ndREST\jk.NBF\Content\js\app.js;124;2/16/2015 11:05:17 AM
heartbeat;D:\github\ndREST\jk.NBF\Content\js\app.js;76;2/16/2015 11:05:48 AM
heartbeat;D:\github\ndREST\jk.NBF\Content\js\app.js;79;2/16/2015 11:05:52 AM
heartbeat;D:\github\ndREST\jk.NBF\Content\js\app.js;86;2/16/2015 11:05:55 AM
heartbeat;D:\github\ndREST\jk.NBF\Content\js\app.js;92;2/16/2015 11:06:13 AM
heartbeat;D:\github\ndREST\jk.NBF\Content\js\app.js;87;2/16/2015 11:06:22 AM
heartbeat;D:\github\ndREST\jk.NBF\Content\js\app.js;85;2/16/2015 11:06:26 AM
heartbeat;D:\github\ndREST\jk.NBF\Content\js\app.js;129;2/16/2015 11:06:29 AM
heartbeat;D:\github\ndREST\jk.NBF\Content\js\app.js;117;2/16/2015 11:06:44 AM
heartbeat;D:\github\ndREST\jk.NBF\Content\js\app.js;131;2/16/2015 11:06:49 AM
heartbeat;D:\github\ndREST\jk.NBF\Content\js\app.js;124;2/16/2015 11:07:54 AM
heartbeat;D:\github\ndREST\jk.NBF\Content\js\app.js;104;2/16/2015 11:07:58 AM
heartbeat;D:\github\ndREST\jk.NBF\Content\js\app.js;100;2/16/2015 11:08:05 AM
heartbeat;D:\github\ndREST\jk.NBF\Content\js\app.js;103;2/16/2015 11:08:43 AM
heartbeat;D:\github\ndREST\jk.NBF\Content\js\app.js;113;2/16/2015 11:08:54 AM
heartbeat;D:\github\ndREST\jk.NBF\Content\js\app.js;80;2/16/2015 11:09:05 AM
heartbeat;D:\github\ndREST\jk.NBF\Content\js\app.js;114;2/16/2015 11:09:15 AM
heartbeat;D:\github\ndREST\jk.NBF\Content\js\app.js;113;2/16/2015 11:09:46 AM
heartbeat;D:\github\ndREST\jk.NBF\Content\js\app.js;118;2/16/2015 11:10:19 AM
heartbeat;D:\github\ndREST\jk.NBF\Content\js\app.js;113;2/16/2015 11:10:22 AM
heartbeat;D:\github\ndREST\jk.NBF\Content\js\app.js;111;2/16/2015 11:10:44 AM
heartbeat;D:\github\ndREST\jk.NBF\Content\js\app.js;113;2/16/2015 11:10:51 AM
heartbeat;D:\github\ndREST\jk.NBF\Content\js\app.js;122;2/16/2015 11:11:01 AM
heartbeat;D:\github\ndREST\jk.NBF\Content\js\app.js;134;2/16/2015 11:11:02 AM
heartbeat;D:\github\ndREST\jk.NBF\Content\js\app.js;137;2/16/2015 11:11:02 AM
heartbeat;D:\github\ndREST\jk.NBF\Content\js\app.js;85;2/16/2015 11:11:08 AM
heartbeat;D:\github\ndREST\jk.NBF\Content\js\app.js;23;2/16/2015 11:11:12 AM
heartbeat;D:\github\ndREST\jk.NBF\Content\js\app.js;0;2/16/2015 11:11:12 AM
heartbeat;D:\github\ndREST\jk.NBF\Content\js\app.js;91;2/16/2015 11:11:14 AM
heartbeat;D:\github\ndREST\jk.NBF\Content\js\app.js;87;2/16/2015 11:11:15 AM
heartbeat;D:\github\ndREST\jk.NBF\Content\js\app.js;85;2/16/2015 11:11:24 AM
heartbeat;D:\github\ndREST\jk.NBF\Content\js\app.js;91;2/16/2015 11:11:26 AM
heartbeat;D:\github\ndREST\jk.NBF\Content\js\app.js;87;2/16/2015 11:11:27 AM
heartbeat;D:\github\ndREST\jk.NBF\Content\js\app.js;91;2/16/2015 11:11:56 AM
heartbeat;D:\github\ndREST\jk.NBF\Content\js\app.js;77;2/16/2015 11:11:58 AM
heartbeat;D:\github\ndREST\jk.NBF\Content\js\app.js;89;2/16/2015 11:11:59 AM
heartbeat;D:\github\ndREST\jk.NBF\Content\js\app.js;91;2/16/2015 11:12:04 AM
heartbeat;D:\github\ndREST\jk.NBF\Content\js\app.js;88;2/16/2015 11:12:09 AM
heartbeat;D:\github\ndREST\jk.NBF\Content\js\app.js;111;2/16/2015 11:12:14 AM
heartbeat;D:\github\ndREST\jk.NBF\Content\js\app.js;81;2/16/2015 11:12:20 AM
heartbeat;D:\github\ndREST\jk.NBF\Content\js\app.js;109;2/16/2015 11:12:30 AM
heartbeat;D:\github\ndREST\jk.NBF\Content\js\app.js;99;2/16/2015 11:12:40 AM
heartbeat;D:\github\ndREST\jk.NBF\Content\js\app.js;119;2/16/2015 11:12:48 AM
heartbeat;D:\github\ndREST\jk.NBF\Content\js\app.js;114;2/16/2015 11:12:51 AM
heartbeat;D:\github\ndREST\jk.NBF\Content\js\app.js;113;2/16/2015 11:12:53 AM
heartbeat;D:\github\ndREST\jk.NBF\Content\js\app.js;111;2/16/2015 11:12:53 AM
heartbeat;D:\github\ndREST\jk.NBF\Content\js\app.js;115;2/16/2015 11:12:55 AM
heartbeat;D:\github\ndREST\jk.NBF\Content\js\app.js;121;2/16/2015 11:13:04 AM
heartbeat;D:\github\ndREST\jk.NBF\Content\js\app.js;116;2/16/2015 11:13:19 AM
heartbeat;D:\github\ndREST\jk.NBF\Content\js\app.js;109;2/16/2015 11:13:40 AM
heartbeat;D:\github\ndREST\jk.NBF\Content\js\app.js;108;2/16/2015 11:13:41 AM
heartbeat;D:\github\ndREST\jk.NBF\Content\js\app.js;120;2/16/2015 11:13:53 AM
heartbeat;D:\github\ndREST\jk.NBF\Content\js\app.js;119;2/16/2015 11:14:03 AM
heartbeat;D:\github\ndREST\jk.NBF\Content\js\app.js;110;2/16/2015 11:14:08 AM
heartbeat;D:\github\ndREST\jk.NBF\Content\js\app.js;103;2/16/2015 11:14:13 AM
heartbeat;D:\github\ndREST\jk.NBF\Content\js\app.js;111;2/16/2015 11:14:35 AM
heartbeat;D:\github\ndREST\jk.NBF\Content\js\app.js;116;2/16/2015 11:14:39 AM
heartbeat;D:\github\ndREST\jk.NBF\Content\js\app.js;111;2/16/2015 11:14:41 AM
heartbeat;D:\github\ndREST\jk.NBF\Content\js\app.js;107;2/16/2015 11:14:42 AM
heartbeat;D:\github\ndREST\jk.NBF\Content\js\app.js;116;2/16/2015 11:14:44 AM
heartbeat;D:\github\ndREST\jk.NBF\Content\js\app.js;122;2/16/2015 11:15:21 AM
heartbeat;D:\github\ndREST\jk.NBF\Content\js\app.js;134;2/16/2015 11:15:23 AM
heartbeat;D:\github\ndREST\jk.NBF\Content\js\app.js;121;2/16/2015 11:15:39 AM
heartbeat;D:\github\ndREST\jk.NBF\Content\js\app.js;123;2/16/2015 11:40:22 AM
heartbeat;D:\github\ndREST\jk.NBF\Content\js\app.js;119;2/16/2015 11:41:06 AM
heartbeat;D:\github\ndREST\jk.NBF\Content\js\app.js;121;2/16/2015 11:41:08 AM
heartbeat;D:\github\ndREST\jk.NBF\Content\js\app.js;124;2/16/2015 11:41:15 AM
heartbeat;D:\github\ndREST\jk.NBF\Content\js\app.js;122;2/16/2015 11:41:30 AM
heartbeat;D:\github\ndREST\jk.NBF\Content\js\app.js;76;2/16/2015 11:41:41 AM
heartbeat;D:\github\ndREST\jk.NBF\Content\js\app.js;79;2/16/2015 11:42:09 AM
heartbeat;D:\github\ndREST\jk.NBF\Content\js\app.js;73;2/16/2015 11:42:26 AM
heartbeat;D:\github\ndREST\jk.NBF\Content\js\app.js;108;2/16/2015 11:42:29 AM
heartbeat;D:\github\ndREST\jk.NBF\Content\js\app.js;111;2/16/2015 11:42:39 AM
heartbeat;D:\github\ndREST\jk.NBF\Content\js\app.js;116;2/16/2015 11:42:39 AM
heartbeat;D:\github\ndREST\jk.NBF\Content\js\app.js;110;2/16/2015 11:42:45 AM
heartbeat;D:\github\ndREST\jk.NBF\Content\js\app.js;112;2/16/2015 11:42:48 AM
heartbeat;D:\github\ndREST\jk.NBF\Content\js\app.js;110;2/16/2015 11:42:49 AM
heartbeat;D:\github\ndREST\jk.NBF\Content\js\app.js;115;2/16/2015 11:42:52 AM
heartbeat;D:\github\ndREST\jk.NBF\Content\js\app.js;102;2/16/2015 11:42:53 AM
heartbeat;D:\github\ndREST\jk.NBF\Content\js\app.js;111;2/16/2015 11:43:09 AM
heartbeat;D:\github\ndREST\jk.NBF\Content\js\app.js;111;2/16/2015 11:43:15 AM
heartbeat;D:\github\ndREST\jk.NBF\Content\js\app.js;107;2/16/2015 11:43:18 AM
heartbeat;D:\github\ndREST\jk.NBF\Content\js\app.js;117;2/16/2015 11:43:20 AM
heartbeat;D:\github\ndREST\jk.NBF\Content\js\app.js;111;2/16/2015 11:43:30 AM
heartbeat;D:\github\ndREST\jk.NBF\Content\js\app.js;115;2/16/2015 11:43:33 AM
heartbeat;D:\github\ndREST\jk.NBF\Content\js\app.js;114;2/16/2015 11:44:00 AM
heartbeat;D:\github\ndREST\jk.NBF\Content\js\app.js;124;2/16/2015 11:44:14 AM
heartbeat;D:\github\ndREST\jk.NBF\Content\js\app.js;135;2/16/2015 11:44:25 AM
heartbeat;D:\github\ndREST\jk.NBF\Content\js\app.js;78;2/16/2015 11:44:46 AM
heartbeat;D:\github\ndREST\jk.NBF\Content\js\app.js;87;2/16/2015 11:44:54 AM
heartbeat;D:\github\ndREST\jk.NBF\Content\js\app.js;76;2/16/2015 11:44:56 AM
heartbeat;D:\github\ndREST\jk.NBF\Content\js\app.js;131;2/16/2015 11:45:00 AM
heartbeat;D:\github\ndREST\jk.NBF\Content\js\app.js;126;2/16/2015 11:45:18 AM
heartbeat;D:\github\ndREST\jk.NBF\Content\js\app.js;132;2/16/2015 11:45:24 AM
heartbeat;D:\github\ndREST\jk.NBF\Content\js\app.js;66;2/16/2015 11:45:26 AM
heartbeat;D:\github\ndREST\jk.NBF\index.html;27;2/16/2015 11:45:47 AM
heartbeat;D:\github\ndREST\jk.NBF\Content\js\app.js;43;2/16/2015 11:45:50 AM
heartbeat;D:\github\ndREST\jk.NBF\Content\js\app.js;133;2/16/2015 11:45:55 AM
heartbeat;D:\github\ndREST\jk.NBF\Content\js\app.js;68;2/16/2015 11:46:13 AM
heartbeat;D:\github\ndREST\jk.NBF\Content\js\app.js;134;2/16/2015 11:46:16 AM
heartbeat;D:\github\ndREST\jk.NBF\Content\js\app.js;130;2/16/2015 11:46:48 AM
heartbeat;D:\github\ndREST\jk.NBF\Content\js\app.js;123;2/16/2015 11:46:50 AM
heartbeat;D:\github\ndREST\jk.NBF\Content\js\app.js;101;2/16/2015 11:47:00 AM
heartbeat;D:\github\ndREST\jk.NBF\Content\js\app.js;101;2/16/2015 11:48:36 AM
